    1  uname
    2  apt update
    3  sudo apt update
    4  sudo apt install git-all
    5  sudo apt install git
    6  git --version
    7  sudo apt install default-jre
    8  python --version
    9  python3 --version
   10  pip --version
   11  sudo apt install python3-pip
   12  sudo apt install nodejs
   13  sudo apt apdate
   14  sudo apt update
   15  sudo apt install nodejs
   16  sudo apt install build-essential manpages-dev
   17  git -v
   18  git --version
   19  mkdir linux-test
   20  echo "linux-test">>REDME.md
   21  git init
   22  git add .
   23  rm -rf .git
   24  cd linux-test/
   25  echo "linux test">>README.md
   26  git init
   27  gid add .
   28  git add .
   29  git commit -m "start test"
   30  git config --global user.email "nogaanaby@gmail.com"
   31  git config --global user.name nogaanaby
   32  git remote add origin https://github.com/nogaanaby/Linux-Test.git
   33  git push
   34  git push --set-upstream origin master
   35  git branch -M main
   36  git push -u origin main
   37  git remote add origin https://github.com/nogaanaby/Linux-Test.git
   38  git add .
   39  git commit -m "start test"
   40  git push -u origin main
   41  cd ~
   42  mkdir LinuxExam
   43  cd linux-test/
   44  cd ..
   45  cd LinuxExam/
   46  git init
   47  echo "Linux Exam">>README.md
   48  mkdir History
   49  mkdir Resources
   50  mkdir Code
   51  mkdir Outputs
   52  cd Resources/
   53  mkdir Images
   54  mkdir Data
   55  mkdir Downloads
   56  cd ..
   57  mkdir Python
   58  mkdir Java
   59  mkdir NodeJs
   60  ls
   61  mv -r Java/ Code/
   62  mv --help
   63  mv -f Java/ Code/
   64  ls
   65  cd Code/
   66  ls
   67  mv ../Python/ .
   68  ls
   69  mv ../NodeJs/ .
   70  ls
   71  l
   72  ls
   73  cd ..
   74  ls
   75  cd Outputs/
   76  mkdir Q1
   77  mkdir Q2
   78  mkdir Q3
   79  mkdir Q4
   80  ls
   81  git clone https://github.com/Telhai-Git/Exam.git
   82  git clone https://github.com/Telhai-Git/Exam
   83  cd ..
   84  ls
   85  mkdir Downloads
   86  cd Downloads/
   87  git clone https://github.com/Telhai-Git/Exam.git
   88  explorer .
   89  xdg-open .
   90  ls
   91  sudo apt install zip unzip
   92  ls
   93  unzip Exam-main.zip 
   94  ls
   95  cp *txt *csv ../Data
   96  cd..
   97  cd ..
   98  ls
   99  mv -f Downloads Resources/
  100  ls
  101  cd Resources/
  102  cd D
  103  cd Downloads/
  104  ls
  105  cd *.txt *.csv ../Datls
  106  cd *.txt *.csv ../Data
  107  cp *.txt *.csv ../Data
  108  ls
  109  cd ../Data
  110  ls
  111  cd ..
  112  cd Downloads/
  113  ls
  114  cp *.jpeg ../Images/
  115  ls
  116  mkdir download_12.09.23
  117  ls
  118  mv * download_12.09.23/
  119  mv *!(download_12.09.23) download_12.09.23/
  120* mv download_12.09.23) download_12.09.23/
  121  cd ..
  122  mv Downloads/!(download_12.09.23) Downloads/download_12.09.23/
  123  cd Downloads/
  124  ls
  125  cd download_12.09.23/
  126  la
  127  ls
  128  rm Exam-main.zip
  129  cd ../../../
  130  ls
  131  ls -r
  132  ls -R
  133  echo ls -R>>Outputs/Q1/out_1.log
  134  cat Outputs/Q1/out_1.log 
  135  echo -l "ls -R">Outputs/Q1/out_1.log
  136  cat Outputs/Q1/out_1.log 
  137  echo -e $"ls -R">Outputs/Q1/out_1.log
  138  cat Outputs/Q1/out_1.log 
  139  echo -e ls -R>Outputs/Q1/out_1.log
  140  cat Outputs/Q1/out_1.log 
  141  echo -e ls -R 2>& Outputs/Q1/out_1.log
  142  echo -e ls -R 2> Outputs/Q1/out_1.log
  143  cat Outputs/Q1/out_1.log 
  144  echo -e ls -R 2>&1 Outputs/Q1/out_1.log
  145  cat Outputs/Q1/out_1.log 
  146  echo -e ls -R 1>&2 Outputs/Q1/out_1.log
  147  cat Outputs/Q1/out_1.log 
  148  ls -R >> Outputs/Q1/out_1.log
  149  cat Outputs/Q1/out_1.log 
  150  sudo apt install zip unzip
  151  history >> History/history_1.log
