.:
Code
History
Outputs
README.md
Resources

./Code:
Java
NodeJs
Python

./Code/Java:

./Code/NodeJs:

./Code/Python:

./History:

./Outputs:
Q1
Q2
Q3
Q4

./Outputs/Q1:
out_1.log

./Outputs/Q2:

./Outputs/Q3:

./Outputs/Q4:

./Resources:
Data
Downloads
Images

./Resources/Data:
data1.log.txt
stam.txt.txt
stam1.txt.txt
tests.csv

./Resources/Downloads:
download_12.09.23

./Resources/Downloads/download_12.09.23:
Exam-main
Exam-main.zip:Zone.Identifier
app1.cpp
app2.py
app3.java
data1.log.txt
flower_original.jpeg
stam.txt.txt
stam1.txt.txt
tests.csv

./Resources/Downloads/download_12.09.23/Exam-main:
app1.cpp
app2.py
app3.java
data1.log.txt
flower_original.jpeg
stam.txt.txt
stam1.txt.txt
tests.csv

./Resources/Images:
flower_original.jpeg
